<?xml version="1.0" encoding="UTF-8"?>
<!-- Generated by org.testng.reporters.JUnitReportReporter -->
<testsuite skipped="0" hostname="DESKTOP-VLQB1T1" name="in.zipgo.automation_framework.tests.WebTests" tests="2" failures="0" timestamp="14 Feb 2018 06:00:13 GMT" time="84.154" errors="2">
  <testcase name="loginTests" time="42.135" classname="in.zipgo.automation_framework.tests.WebTests">
    <error type="org.openqa.selenium.TimeoutException" message="Expected condition failed: waiting for in.zipgo.automation_framework.pages.web.BasePage$1@2c88abaf (tried for 10 second(s) with 2 SECONDS interval)
Build info: version: &#039;3.4.0&#039;, revision: &#039;unknown&#039;, time: &#039;unknown&#039;
System info: host: &#039;DESKTOP-VLQB1T1&#039;, ip: &#039;192.168.1.34&#039;, os.name: &#039;Windows 10&#039;, os.arch: &#039;amd64&#039;, os.version: &#039;10.0&#039;, java.version: &#039;1.8.0_144&#039;
Driver info: driver.version: unknown">
      <![CDATA[org.openqa.selenium.TimeoutException: Expected condition failed: waiting for in.zipgo.automation_framework.pages.web.BasePage$1@2c88abaf (tried for 10 second(s) with 2 SECONDS interval)
Build info: version: '3.4.0', revision: 'unknown', time: 'unknown'
System info: host: 'DESKTOP-VLQB1T1', ip: '192.168.1.34', os.name: 'Windows 10', os.arch: 'amd64', os.version: '10.0', java.version: '1.8.0_144'
Driver info: driver.version: unknown
	at org.openqa.selenium.support.ui.FluentWait.timeoutException(FluentWait.java:264)
	at org.openqa.selenium.support.ui.FluentWait.until(FluentWait.java:232)
	at in.zipgo.automation_framework.pages.web.BasePage.waitForElement(BasePage.java:52)
	at in.zipgo.automation_framework.pages.web.LoginPage.enterUsername(LoginPage.java:46)
	at in.zipgo.automation_framework.workflow.ZipGoWorkFlowImplementations.loginToAsAdministrator(ZipGoWorkFlowImplementations.java:31)
	at in.zipgo.automation_framework.tests.WebTests.loginTests(WebTests.java:41)
	at sun.reflect.NativeMethodAccessorImpl.invoke0(Native Method)
	at sun.reflect.NativeMethodAccessorImpl.invoke(NativeMethodAccessorImpl.java:62)
	at sun.reflect.DelegatingMethodAccessorImpl.invoke(DelegatingMethodAccessorImpl.java:43)
	at java.lang.reflect.Method.invoke(Method.java:498)
	at org.testng.internal.MethodInvocationHelper.invokeMethod(MethodInvocationHelper.java:108)
	at org.testng.internal.Invoker.invokeMethod(Invoker.java:661)
	at org.testng.internal.Invoker.invokeTestMethod(Invoker.java:869)
	at org.testng.internal.Invoker.invokeTestMethods(Invoker.java:1193)
	at org.testng.internal.TestMethodWorker.invokeTestMethods(TestMethodWorker.java:126)
	at org.testng.internal.TestMethodWorker.run(TestMethodWorker.java:109)
	at java.util.concurrent.ThreadPoolExecutor.runWorker(ThreadPoolExecutor.java:1149)
	at java.util.concurrent.ThreadPoolExecutor$Worker.run(ThreadPoolExecutor.java:624)
	at java.lang.Thread.run(Thread.java:748)
]]>
    </error>
  </testcase> <!-- loginTests -->
  <testcase name="loginTests" time="42.019" classname="in.zipgo.automation_framework.tests.WebTests">
    <error type="org.openqa.selenium.TimeoutException" message="Expected condition failed: waiting for in.zipgo.automation_framework.pages.web.BasePage$1@c2b71ab (tried for 10 second(s) with 2 SECONDS interval)
Build info: version: &#039;3.4.0&#039;, revision: &#039;unknown&#039;, time: &#039;unknown&#039;
System info: host: &#039;DESKTOP-VLQB1T1&#039;, ip: &#039;192.168.1.34&#039;, os.name: &#039;Windows 10&#039;, os.arch: &#039;amd64&#039;, os.version: &#039;10.0&#039;, java.version: &#039;1.8.0_144&#039;
Driver info: driver.version: unknown">
      <![CDATA[org.openqa.selenium.TimeoutException: Expected condition failed: waiting for in.zipgo.automation_framework.pages.web.BasePage$1@c2b71ab (tried for 10 second(s) with 2 SECONDS interval)
Build info: version: '3.4.0', revision: 'unknown', time: 'unknown'
System info: host: 'DESKTOP-VLQB1T1', ip: '192.168.1.34', os.name: 'Windows 10', os.arch: 'amd64', os.version: '10.0', java.version: '1.8.0_144'
Driver info: driver.version: unknown
	at org.openqa.selenium.support.ui.FluentWait.timeoutException(FluentWait.java:264)
	at org.openqa.selenium.support.ui.FluentWait.until(FluentWait.java:232)
	at in.zipgo.automation_framework.pages.web.BasePage.waitForElement(BasePage.java:52)
	at in.zipgo.automation_framework.pages.web.LoginPage.enterUsername(LoginPage.java:46)
	at in.zipgo.automation_framework.workflow.ZipGoWorkFlowImplementations.loginToAsAdministrator(ZipGoWorkFlowImplementations.java:31)
	at in.zipgo.automation_framework.tests.WebTests.loginTests(WebTests.java:39)
	at sun.reflect.NativeMethodAccessorImpl.invoke0(Native Method)
	at sun.reflect.NativeMethodAccessorImpl.invoke(NativeMethodAccessorImpl.java:62)
	at sun.reflect.DelegatingMethodAccessorImpl.invoke(DelegatingMethodAccessorImpl.java:43)
	at java.lang.reflect.Method.invoke(Method.java:498)
	at org.testng.internal.MethodInvocationHelper.invokeMethod(MethodInvocationHelper.java:108)
	at org.testng.internal.Invoker.invokeMethod(Invoker.java:661)
	at org.testng.internal.Invoker.invokeTestMethod(Invoker.java:869)
	at org.testng.internal.Invoker.invokeTestMethods(Invoker.java:1193)
	at org.testng.internal.TestMethodWorker.invokeTestMethods(TestMethodWorker.java:126)
	at org.testng.internal.TestMethodWorker.run(TestMethodWorker.java:109)
	at java.util.concurrent.ThreadPoolExecutor.runWorker(ThreadPoolExecutor.java:1149)
	at java.util.concurrent.ThreadPoolExecutor$Worker.run(ThreadPoolExecutor.java:624)
	at java.lang.Thread.run(Thread.java:748)
]]>
    </error>
  </testcase> <!-- loginTests -->
</testsuite> <!-- in.zipgo.automation_framework.tests.WebTests -->
