<?xml version="1.0" encoding="UTF-8"?>
<!-- Generated by org.testng.reporters.JUnitReportReporter -->
<testsuite skipped="0" hostname="DESKTOP-VLQB1T1" name="in.zipgo.automation_framework.tests.RegressionLevelOne" tests="3" failures="0" timestamp="16 Dec 2018 04:04:35 GMT" time="1585.736" errors="0">
  <testcase name="opendashboard" time="14.452" classname="in.zipgo.automation_framework.tests.RegressionLevelOne"/>
  <testcase name="logintodashboard" time="12.454" classname="in.zipgo.automation_framework.tests.RegressionLevelOne"/>
  <testcase name="createTrip" time="1558.830" classname="in.zipgo.automation_framework.tests.RegressionLevelOne"/>
</testsuite> <!-- in.zipgo.automation_framework.tests.RegressionLevelOne -->
