<?xml version="1.0" encoding="UTF-8"?>
<!-- Generated by org.testng.reporters.JUnitReportReporter -->
<testsuite skipped="0" hostname="DESKTOP-VLQB1T1" name="in.zipgo.automation_framework.tests.TejaRunner" tests="3" failures="0" timestamp="16 Dec 2018 02:59:48 GMT" time="35.867" errors="0">
  <testcase name="opendashboard" time="24.970" classname="in.zipgo.automation_framework.tests.TejaRunner"/>
  <testcase name="logintodashboard" time="10.813" classname="in.zipgo.automation_framework.tests.TejaRunner"/>
  <testcase name="test1" time="0.084" classname="in.zipgo.automation_framework.tests.TejaRunner"/>
</testsuite> <!-- in.zipgo.automation_framework.tests.TejaRunner -->
