<?xml version="1.0" encoding="UTF-8"?>
<!-- Generated by org.testng.reporters.JUnitReportReporter -->
<testsuite skipped="0" hostname="DESKTOP-VLQB1T1" name="in.zipgo.automation_framework.tests.Intercitywebsite" tests="6" failures="0" timestamp="01 Apr 2019 07:41:32 GMT" time="185.814" errors="0">
  <testcase name="opendashboard" time="5.424" classname="in.zipgo.automation_framework.tests.Intercitywebsite"/>
  <testcase name="logintoagentwebsite" time="0.362" classname="in.zipgo.automation_framework.tests.Intercitywebsite"/>
  <testcase name="booking" time="0.004" classname="in.zipgo.automation_framework.tests.Intercitywebsite"/>
  <testcase name="CancelAllBookings" time="76.843" classname="in.zipgo.automation_framework.tests.Intercitywebsite"/>
  <testcase name="Partial_Cancellation" time="73.952" classname="in.zipgo.automation_framework.tests.Intercitywebsite"/>
  <testcase name="Edit_Booking" time="29.229" classname="in.zipgo.automation_framework.tests.Intercitywebsite"/>
</testsuite> <!-- in.zipgo.automation_framework.tests.Intercitywebsite -->
