<?xml version="1.0" encoding="UTF-8"?>
<!-- Generated by org.testng.reporters.JUnitReportReporter -->
<testsuite skipped="0" hostname="DESKTOP-VLQB1T1" name="in.zipgo.automation_framework.tests.RegressionLevelthreeMembership" tests="3" failures="0" timestamp="14 Mar 2018 08:43:41 GMT" time="50.991" errors="0">
  <testcase name="opendashboard" time="14.202" classname="in.zipgo.automation_framework.tests.RegressionLevelthreeMembership"/>
  <testcase name="logintodashboard" time="7.234" classname="in.zipgo.automation_framework.tests.RegressionLevelthreeMembership"/>
  <testcase name="discountbasedmembership" time="29.555" classname="in.zipgo.automation_framework.tests.RegressionLevelthreeMembership"/>
</testsuite> <!-- in.zipgo.automation_framework.tests.RegressionLevelthreeMembership -->
